<?xml version="1.0" encoding="UTF-8"?>
<testng-results ignored="0" total="16" passed="15" failed="1" skipped="0">
  <reporter-output>
  </reporter-output>
  <suite started-at="2023-07-05T12:46:53 EDT" name="E-Commerce Test Regression Playwright Suite" finished-at="2023-07-05T12:47:23 EDT" duration-ms="29871">
    <groups>
    </groups>
    <test started-at="2023-07-05T12:46:53 EDT" name="E-Commerce Login Page Test_edge" finished-at="2023-07-05T12:47:04 EDT" duration-ms="11242">
      <class name="com.qa.ecommerce.tests.LoginPageTest">
        <test-method is-config="true" signature="setup(java.lang.String)[pri:0, instance:com.qa.ecommerce.tests.LoginPageTest@7164ca4c]" started-at="2023-07-05T12:46:53 EDT" name="setup" finished-at="2023-07-05T12:47:02 EDT" duration-ms="9287" status="PASS">
          <params>
            <param index="0">
              <value>
                <![CDATA[edge]]>
              </value>
            </param>
          </params>
          <reporter-output>
          </reporter-output>
        </test-method> <!-- setup -->
        <test-method signature="loginPageNavigationTest()[pri:1, instance:com.qa.ecommerce.tests.LoginPageTest@7164ca4c]" started-at="2023-07-05T12:47:02 EDT" name="loginPageNavigationTest" finished-at="2023-07-05T12:47:03 EDT" duration-ms="659" status="PASS">
          <reporter-output>
          </reporter-output>
        </test-method> <!-- loginPageNavigationTest -->
        <test-method signature="forgotPwdLinkExistTest()[pri:2, instance:com.qa.ecommerce.tests.LoginPageTest@7164ca4c]" started-at="2023-07-05T12:47:03 EDT" name="forgotPwdLinkExistTest" finished-at="2023-07-05T12:47:03 EDT" duration-ms="22" status="PASS">
          <reporter-output>
          </reporter-output>
        </test-method> <!-- forgotPwdLinkExistTest -->
        <test-method signature="appLoginTest()[pri:3, instance:com.qa.ecommerce.tests.LoginPageTest@7164ca4c]" started-at="2023-07-05T12:47:03 EDT" name="appLoginTest" finished-at="2023-07-05T12:47:04 EDT" duration-ms="1177" status="PASS">
          <reporter-output>
          </reporter-output>
        </test-method> <!-- appLoginTest -->
        <test-method is-config="true" signature="tearDown()[pri:0, instance:com.qa.ecommerce.tests.LoginPageTest@7164ca4c]" started-at="2023-07-05T12:47:04 EDT" name="tearDown" finished-at="2023-07-05T12:47:04 EDT" duration-ms="54" status="PASS">
          <reporter-output>
          </reporter-output>
        </test-method> <!-- tearDown -->
      </class> <!-- com.qa.ecommerce.tests.LoginPageTest -->
    </test> <!-- E-Commerce Login Page Test_edge -->
    <test started-at="2023-07-05T12:46:53 EDT" name="E-Commerce Login Page Test_firefox" finished-at="2023-07-05T12:47:08 EDT" duration-ms="15408">
      <class name="com.qa.ecommerce.tests.LoginPageTest">
        <test-method is-config="true" signature="setup(java.lang.String)[pri:0, instance:com.qa.ecommerce.tests.LoginPageTest@19c65cdc]" started-at="2023-07-05T12:46:53 EDT" name="setup" finished-at="2023-07-05T12:47:07 EDT" duration-ms="13654" status="PASS">
          <params>
            <param index="0">
              <value>
                <![CDATA[firefox]]>
              </value>
            </param>
          </params>
          <reporter-output>
          </reporter-output>
        </test-method> <!-- setup -->
        <test-method signature="loginPageNavigationTest()[pri:1, instance:com.qa.ecommerce.tests.LoginPageTest@19c65cdc]" started-at="2023-07-05T12:47:07 EDT" name="loginPageNavigationTest" finished-at="2023-07-05T12:47:07 EDT" duration-ms="584" status="PASS">
          <reporter-output>
          </reporter-output>
        </test-method> <!-- loginPageNavigationTest -->
        <test-method signature="forgotPwdLinkExistTest()[pri:2, instance:com.qa.ecommerce.tests.LoginPageTest@19c65cdc]" started-at="2023-07-05T12:47:07 EDT" name="forgotPwdLinkExistTest" finished-at="2023-07-05T12:47:07 EDT" duration-ms="35" status="FAIL">
          <exception class="java.lang.AssertionError">
            <message>
              <![CDATA[expected [true] but found [false]]]>
            </message>
            <full-stacktrace>
              <![CDATA[java.lang.AssertionError: expected [true] but found [false]
at org.testng.Assert.fail(Assert.java:99)
at org.testng.Assert.failNotEquals(Assert.java:1037)
at org.testng.Assert.assertTrue(Assert.java:45)
at org.testng.Assert.assertTrue(Assert.java:55)
at com.qa.ecommerce.tests.LoginPageTest.forgotPwdLinkExistTest(LoginPageTest.java:21)
at java.base/jdk.internal.reflect.NativeMethodAccessorImpl.invoke0(Native Method)
at java.base/jdk.internal.reflect.NativeMethodAccessorImpl.invoke(NativeMethodAccessorImpl.java:77)
at java.base/jdk.internal.reflect.DelegatingMethodAccessorImpl.invoke(DelegatingMethodAccessorImpl.java:43)
at java.base/java.lang.reflect.Method.invoke(Method.java:568)
at org.testng.internal.MethodInvocationHelper.invokeMethod(MethodInvocationHelper.java:133)
at org.testng.internal.TestInvoker.invokeMethod(TestInvoker.java:598)
at org.testng.internal.TestInvoker.invokeTestMethod(TestInvoker.java:173)
at org.testng.internal.MethodRunner.runInSequence(MethodRunner.java:46)
at org.testng.internal.TestInvoker$MethodInvocationAgent.invoke(TestInvoker.java:824)
at org.testng.internal.TestInvoker.invokeTestMethods(TestInvoker.java:146)
at org.testng.internal.TestMethodWorker.invokeTestMethods(TestMethodWorker.java:146)
at org.testng.internal.TestMethodWorker.run(TestMethodWorker.java:128)
at java.base/java.util.ArrayList.forEach(ArrayList.java:1511)
at org.testng.TestRunner.privateRun(TestRunner.java:794)
at org.testng.TestRunner.run(TestRunner.java:596)
at org.testng.SuiteRunner.runTest(SuiteRunner.java:377)
at org.testng.SuiteRunner.access$000(SuiteRunner.java:28)
at org.testng.SuiteRunner$SuiteWorker.run(SuiteRunner.java:418)
at org.testng.internal.thread.ThreadUtil.lambda$execute$0(ThreadUtil.java:64)
at java.base/java.util.concurrent.FutureTask.run(FutureTask.java:264)
at java.base/java.util.concurrent.ThreadPoolExecutor.runWorker(ThreadPoolExecutor.java:1136)
at java.base/java.util.concurrent.ThreadPoolExecutor$Worker.run(ThreadPoolExecutor.java:635)
at java.base/java.lang.Thread.run(Thread.java:833)
]]>
            </full-stacktrace>
          </exception> <!-- java.lang.AssertionError -->
          <reporter-output>
          </reporter-output>
        </test-method> <!-- forgotPwdLinkExistTest -->
        <test-method signature="appLoginTest()[pri:3, instance:com.qa.ecommerce.tests.LoginPageTest@19c65cdc]" started-at="2023-07-05T12:47:07 EDT" name="appLoginTest" finished-at="2023-07-05T12:47:08 EDT" duration-ms="982" status="PASS">
          <reporter-output>
          </reporter-output>
        </test-method> <!-- appLoginTest -->
        <test-method is-config="true" signature="tearDown()[pri:0, instance:com.qa.ecommerce.tests.LoginPageTest@19c65cdc]" started-at="2023-07-05T12:47:08 EDT" name="tearDown" finished-at="2023-07-05T12:47:08 EDT" duration-ms="6" status="PASS">
          <reporter-output>
          </reporter-output>
        </test-method> <!-- tearDown -->
      </class> <!-- com.qa.ecommerce.tests.LoginPageTest -->
    </test> <!-- E-Commerce Login Page Test_firefox -->
    <test started-at="2023-07-05T12:46:53 EDT" name="E-Commerce Home Page Test_chrome" finished-at="2023-07-05T12:47:20 EDT" duration-ms="26794">
      <class name="com.qa.ecommerce.tests.HomePageTest">
        <test-method is-config="true" signature="setup(java.lang.String)[pri:0, instance:com.qa.ecommerce.tests.HomePageTest@455b6df1]" started-at="2023-07-05T12:46:53 EDT" name="setup" finished-at="2023-07-05T12:47:03 EDT" duration-ms="10193" status="PASS">
          <params>
            <param index="0">
              <value>
                <![CDATA[chrome]]>
              </value>
            </param>
          </params>
          <reporter-output>
          </reporter-output>
        </test-method> <!-- setup -->
        <test-method signature="homePageTitleTest()[pri:0, instance:com.qa.ecommerce.tests.HomePageTest@455b6df1]" started-at="2023-07-05T12:47:03 EDT" name="homePageTitleTest" finished-at="2023-07-05T12:47:03 EDT" duration-ms="33" status="PASS">
          <reporter-output>
          </reporter-output>
        </test-method> <!-- homePageTitleTest -->
        <test-method signature="homePageURLTest()[pri:0, instance:com.qa.ecommerce.tests.HomePageTest@455b6df1]" started-at="2023-07-05T12:47:03 EDT" name="homePageURLTest" finished-at="2023-07-05T12:47:03 EDT" duration-ms="6" status="PASS">
          <reporter-output>
          </reporter-output>
        </test-method> <!-- homePageURLTest -->
        <test-method signature="searchTest(java.lang.String)[pri:0, instance:com.qa.ecommerce.tests.HomePageTest@455b6df1]" started-at="2023-07-05T12:47:03 EDT" name="searchTest" data-provider="getProductData" finished-at="2023-07-05T12:47:09 EDT" duration-ms="5533" status="PASS">
          <params>
            <param index="0">
              <value>
                <![CDATA[Macbook]]>
              </value>
            </param>
          </params>
          <reporter-output>
          </reporter-output>
        </test-method> <!-- searchTest -->
        <test-method signature="searchTest(java.lang.String)[pri:0, instance:com.qa.ecommerce.tests.HomePageTest@455b6df1]" started-at="2023-07-05T12:47:09 EDT" name="searchTest" data-provider="getProductData" finished-at="2023-07-05T12:47:14 EDT" duration-ms="5462" status="PASS">
          <params>
            <param index="0">
              <value>
                <![CDATA[iMac]]>
              </value>
            </param>
          </params>
          <reporter-output>
          </reporter-output>
        </test-method> <!-- searchTest -->
        <test-method signature="searchTest(java.lang.String)[pri:0, instance:com.qa.ecommerce.tests.HomePageTest@455b6df1]" started-at="2023-07-05T12:47:14 EDT" name="searchTest" data-provider="getProductData" finished-at="2023-07-05T12:47:20 EDT" duration-ms="5543" status="PASS">
          <params>
            <param index="0">
              <value>
                <![CDATA[Samsung]]>
              </value>
            </param>
          </params>
          <reporter-output>
          </reporter-output>
        </test-method> <!-- searchTest -->
        <test-method is-config="true" signature="tearDown()[pri:0, instance:com.qa.ecommerce.tests.HomePageTest@455b6df1]" started-at="2023-07-05T12:47:20 EDT" name="tearDown" finished-at="2023-07-05T12:47:20 EDT" duration-ms="11" status="PASS">
          <reporter-output>
          </reporter-output>
        </test-method> <!-- tearDown -->
      </class> <!-- com.qa.ecommerce.tests.HomePageTest -->
    </test> <!-- E-Commerce Home Page Test_chrome -->
    <test started-at="2023-07-05T12:46:53 EDT" name="E-Commerce Home Page Test_chromium" finished-at="2023-07-05T12:47:23 EDT" duration-ms="29871">
      <class name="com.qa.ecommerce.tests.HomePageTest">
        <test-method is-config="true" signature="setup(java.lang.String)[pri:0, instance:com.qa.ecommerce.tests.HomePageTest@6239aba6]" started-at="2023-07-05T12:46:53 EDT" name="setup" finished-at="2023-07-05T12:47:06 EDT" duration-ms="13289" status="PASS">
          <params>
            <param index="0">
              <value>
                <![CDATA[chromium]]>
              </value>
            </param>
          </params>
          <reporter-output>
          </reporter-output>
        </test-method> <!-- setup -->
        <test-method signature="homePageTitleTest()[pri:0, instance:com.qa.ecommerce.tests.HomePageTest@6239aba6]" started-at="2023-07-05T12:47:06 EDT" name="homePageTitleTest" finished-at="2023-07-05T12:47:06 EDT" duration-ms="11" status="PASS">
          <reporter-output>
          </reporter-output>
        </test-method> <!-- homePageTitleTest -->
        <test-method signature="homePageURLTest()[pri:0, instance:com.qa.ecommerce.tests.HomePageTest@6239aba6]" started-at="2023-07-05T12:47:06 EDT" name="homePageURLTest" finished-at="2023-07-05T12:47:06 EDT" duration-ms="1" status="PASS">
          <reporter-output>
          </reporter-output>
        </test-method> <!-- homePageURLTest -->
        <test-method signature="searchTest(java.lang.String)[pri:0, instance:com.qa.ecommerce.tests.HomePageTest@6239aba6]" started-at="2023-07-05T12:47:06 EDT" name="searchTest" data-provider="getProductData" finished-at="2023-07-05T12:47:12 EDT" duration-ms="5512" status="PASS">
          <params>
            <param index="0">
              <value>
                <![CDATA[Macbook]]>
              </value>
            </param>
          </params>
          <reporter-output>
          </reporter-output>
        </test-method> <!-- searchTest -->
        <test-method signature="searchTest(java.lang.String)[pri:0, instance:com.qa.ecommerce.tests.HomePageTest@6239aba6]" started-at="2023-07-05T12:47:12 EDT" name="searchTest" data-provider="getProductData" finished-at="2023-07-05T12:47:17 EDT" duration-ms="5572" status="PASS">
          <params>
            <param index="0">
              <value>
                <![CDATA[iMac]]>
              </value>
            </param>
          </params>
          <reporter-output>
          </reporter-output>
        </test-method> <!-- searchTest -->
        <test-method signature="searchTest(java.lang.String)[pri:0, instance:com.qa.ecommerce.tests.HomePageTest@6239aba6]" started-at="2023-07-05T12:47:17 EDT" name="searchTest" data-provider="getProductData" finished-at="2023-07-05T12:47:23 EDT" duration-ms="5464" status="PASS">
          <params>
            <param index="0">
              <value>
                <![CDATA[Samsung]]>
              </value>
            </param>
          </params>
          <reporter-output>
          </reporter-output>
        </test-method> <!-- searchTest -->
        <test-method is-config="true" signature="tearDown()[pri:0, instance:com.qa.ecommerce.tests.HomePageTest@6239aba6]" started-at="2023-07-05T12:47:23 EDT" name="tearDown" finished-at="2023-07-05T12:47:23 EDT" duration-ms="12" status="PASS">
          <reporter-output>
          </reporter-output>
        </test-method> <!-- tearDown -->
      </class> <!-- com.qa.ecommerce.tests.HomePageTest -->
    </test> <!-- E-Commerce Home Page Test_chromium -->
  </suite> <!-- E-Commerce Test Regression Playwright Suite -->
</testng-results>
